Removed Pin From Net: NetName=DGND Pin=P13-2
Removed Pin From Net: NetName=DGND Pin=P14-2
Removed Pin From Net: NetName=DGND Pin=P15-2
Change Component Designator: OldDesignator=P? NewDesignator=P25
Added Component: Designator=R8(3-0603)
Added Component: Designator=R9(3-0603)
Added Component: Designator=R10(3-0603)
Added Component: Designator=U10(DS3231)
Added Pin To Net: NetName=DGND Pin=R8-2
Added Pin To Net: NetName=DGND Pin=R9-2
Added Pin To Net: NetName=DGND Pin=R10-2
Added Pin To Net: NetName=VCC Pin=U10-2
Added Pin To Net: NetName=ENT-RST Pin=U10-3
Added Pin To Net: NetName=DGND Pin=U10-13
Added Pin To Net: NetName=BATT_BACK Pin=U10-14
Added Pin To Net: NetName=SDA Pin=U10-15
Added Pin To Net: NetName=SCL Pin=U10-16
Added Pin To Net: NetName=NetP13_2 Pin=P13-2
Added Pin To Net: NetName=NetP13_2 Pin=R8-1
Added Net: Name=NetP13_2
Added Pin To Net: NetName=NetP14_2 Pin=P14-2
Added Pin To Net: NetName=NetP14_2 Pin=R9-1
Added Net: Name=NetP14_2
Added Pin To Net: NetName=NetP15_2 Pin=P15-2
Added Pin To Net: NetName=NetP15_2 Pin=R10-1
Added Net: Name=NetP15_2
Added Member To Class: ClassName=LS1 Member=Component R8 10k
Added Member To Class: ClassName=LS1 Member=Component R9 10k
Added Member To Class: ClassName=LS1 Member=Component R10 10k
Added Member To Class: ClassName=LS1 Member=Component U10 DS3231
