Removed Pin From Net: NetName=VCC Pin=C1-2
Removed Pin From Net: NetName=VCC Pin=C2-1
Removed Pin From Net: NetName=VCC Pin=C29-2
Removed Pin From Net: NetName=VCC Pin=C30-1
Removed Pin From Net: NetName=VCC Pin=C31-2
Removed Pin From Net: NetName=VCC Pin=C33-1
Removed Pin From Net: NetName=VCC Pin=C35-2
Removed Pin From Net: NetName=VCC Pin=C37-1
Removed Pin From Net: NetName=VCC Pin=R3-1
Removed Pin From Net: NetName=VCC Pin=R4-1
Removed Pin From Net: NetName=VCC Pin=R5-1
Removed Pin From Net: NetName=VCC Pin=R6-1
Removed Pin From Net: NetName=VCC Pin=U1-5
Removed Pin From Net: NetName=VCC Pin=U7-5
Removed Pin From Net: NetName=VCC Pin=U8-5
Removed Pin From Net: NetName=VCC Pin=U9-5
Added Pin To Net: NetName=VCC Pin=P1-3.3V
Added Pin To Net: NetName=VCC1 Pin=C1-2
Added Pin To Net: NetName=VCC1 Pin=C2-1
Added Pin To Net: NetName=VCC1 Pin=R3-1
Added Pin To Net: NetName=VCC1 Pin=U1-5
Added Net: Name=VCC1
Added Pin To Net: NetName=VCC2 Pin=C35-2
Added Pin To Net: NetName=VCC2 Pin=C37-1
Added Pin To Net: NetName=VCC2 Pin=R4-1
Added Pin To Net: NetName=VCC2 Pin=U9-5
Added Net: Name=VCC2
Added Pin To Net: NetName=VCC3 Pin=C31-2
Added Pin To Net: NetName=VCC3 Pin=C33-1
Added Pin To Net: NetName=VCC3 Pin=R5-1
Added Pin To Net: NetName=VCC3 Pin=U8-5
Added Net: Name=VCC3
Added Pin To Net: NetName=VCC4 Pin=C29-2
Added Pin To Net: NetName=VCC4 Pin=C30-1
Added Pin To Net: NetName=VCC4 Pin=R6-1
Added Pin To Net: NetName=VCC4 Pin=U7-5
Added Net: Name=VCC4
